app/build/outputs/logs/manifest-merger-release-report.txt
-- Merging decision tree log ---
manifest
ADDED from src\main\AndroidManifest.xml:2:1-181:12
	package
		ADDED from src\main\AndroidManifest.xml:3:5-40
		INJECTED from src\main\AndroidManifest.xml
		INJECTED from src\main\AndroidManifest.xml
	android:versionName
		INJECTED from src\main\AndroidManifest.xml
		INJECTED from src\main\AndroidManifest.xml
	xmlns:android
		ADDED from src\main\AndroidManifest.xml:2:11-69
	android:versionCode
		INJECTED from src\main\AndroidManifest.xml
		INJECTED from src\main\AndroidManifest.xml
	android:installLocation
		ADDED from src\main\AndroidManifest.xml:4:5-45
uses-permission#android.permission.READ_CALENDAR
ADDED from src\main\AndroidManifest.xml:6:5-72
	android:name
		ADDED from src\main\AndroidManifest.xml:6:22-69
uses-permission#android.permission.WRITE_CALENDAR
ADDED from src\main\AndroidManifest.xml:7:5-73
	android:name
		ADDED from src\main\AndroidManifest.xml:7:22-70
uses-permission#android.permission.INTERNET
ADDED from src\main\AndroidManifest.xml:8:5-67
MERGED from [com.onesignal:OneSignal:3.9.2] AndroidManifest.xml:17:5-67
MERGED from [com.google.firebase:firebase-iid:12.0.1] AndroidManifest.xml:23:5-67
MERGED from [com.google.android.gms:play-services-gcm:12.0.1] AndroidManifest.xml:24:5-67
MERGED from [com.google.android.gms:play-services-iid:12.0.1] AndroidManifest.xml:24:5-67
MERGED from [com.crashlytics.sdk.android:crashlytics:2.7.1] AndroidManifest.xml:9:5-67
MERGED from [com.crashlytics.sdk.android:beta:1.2.7] AndroidManifest.xml:9:5-67
MERGED from [com.crashlytics.sdk.android:crashlytics-core:2.4.1] AndroidManifest.xml:52:5-67
MERGED from [com.crashlytics.sdk.android:answers:1.4.1] AndroidManifest.xml:9:5-67
MERGED from [io.fabric.sdk.android:fabric:1.4.1] AndroidManifest.xml:29:5-67
MERGED from [:pecpayment-release:] AndroidManifest.xml:11:5-67
	android:name
		ADDED from src\main\AndroidManifest.xml:8:22-64
uses-permission#android.permission.READ_SMS
ADDED from src\main\AndroidManifest.xml:9:5-67
	android:name
		ADDED from src\main\AndroidManifest.xml:9:22-64
uses-permission#android.permission.RECEIVE_SMS
ADDED from src\main\AndroidManifest.xml:10:5-70
	android:name
		ADDED from src\main\AndroidManifest.xml:10:22-67
uses-permission#android.permission.CALL_PHONE
ADDED from src\main\AndroidManifest.xml:12:5-69
	android:name
		ADDED from src\main\AndroidManifest.xml:12:22-66
uses-permission#android.permission.READ_EXTERNAL_STORAGE
ADDED from src\main\AndroidManifest.xml:13:5-80
MERGED from [:pecpayment-release:] AndroidManifest.xml:13:5-80
	android:name
		ADDED from src\main\AndroidManifest.xml:13:22-77
uses-permission#android.permission.WRITE_EXTERNAL_STORAGE
ADDED from src\main\AndroidManifest.xml:14:5-81
MERGED from [:pecpayment-release:] AndroidManifest.xml:12:5-81
	android:name
		ADDED from src\main\AndroidManifest.xml:14:22-78
uses-permission#android.permission.ACCESS_FINE_LOCATION
ADDED from src\main\AndroidManifest.xml:16:5-79
MERGED from [com.github.mirrajabi:persiancalendar:unspecified] AndroidManifest.xml:12:5-79
	android:name
		ADDED from src\main\AndroidManifest.xml:16:22-76
uses-permission#android.permission.ACCESS_COARSE_LOCATION
ADDED from src\main\AndroidManifest.xml:17:5-81
MERGED from [com.github.mirrajabi:persiancalendar:unspecified] AndroidManifest.xml:11:5-81
	android:name
		ADDED from src\main\AndroidManifest.xml:17:22-78
uses-permission#android.permission.ACCESS_WIFI_STATE
ADDED from src\main\AndroidManifest.xml:18:5-76
	android:name
		ADDED from src\main\AndroidManifest.xml:18:22-73
uses-permission#android.permission.ACCESS_NETWORK_STATE
ADDED from src\main\AndroidManifest.xml:19:5-79
MERGED from [com.github.mirrajabi:persiancalendar:unspecified] AndroidManifest.xml:13:5-79
MERGED from [com.onesignal:OneSignal:3.9.2] AndroidManifest.xml:25:5-79
MERGED from [com.google.firebase:firebase-iid:12.0.1] AndroidManifest.xml:22:5-79
	android:name
		ADDED from src\main\AndroidManifest.xml:19:22-76
uses-permission#com.android.alarm.permission.SET_ALARM
ADDED from src\main\AndroidManifest.xml:20:5-78
	android:name
		ADDED from src\main\AndroidManifest.xml:20:22-75
uses-permission#com.android.launcher.permission.INSTALL_SHORTCUT
ADDED from src\main\AndroidManifest.xml:21:5-88
	android:name
		ADDED from src\main\AndroidManifest.xml:21:22-85
application
ADDED from src\main\AndroidManifest.xml:23:5-179:19
MERGED from [com.github.mirrajabi:persiancalendar:unspecified] AndroidManifest.xml:15:5-21:19
MERGED from [uk.co.chrisjenx:calligraphy:2.3.0] AndroidManifest.xml:11:5-20
MERGED from [com.onesignal:OneSignal:3.9.2] AndroidManifest.xml:49:5-106:19
MERGED from [com.google.firebase:firebase-messaging:12.0.1] AndroidManifest.xml:22:5-35:19
MERGED from [com.google.firebase:firebase-iid:12.0.1] AndroidManifest.xml:34:5-57:19
MERGED from [com.google.firebase:firebase-iid-license:12.0.1] AndroidManifest.xml:22:5-20
MERGED from [com.google.firebase:firebase-common:12.0.1] AndroidManifest.xml:7:5-13:19
MERGED from [com.google.firebase:firebase-common-license:12.0.1] AndroidManifest.xml:22:5-20
MERGED from [com.google.firebase:firebase-messaging-license:12.0.1] AndroidManifest.xml:22:5-20
MERGED from [com.google.android.gms:play-services-gcm:12.0.1] AndroidManifest.xml:26:5-20
MERGED from [com.google.android.gms:play-services-iid:12.0.1] AndroidManifest.xml:26:5-20
MERGED from [com.google.android.gms:play-services-iid-license:12.0.1] AndroidManifest.xml:22:5-20
MERGED from [com.google.android.gms:play-services-gcm-license:12.0.1] AndroidManifest.xml:22:5-20
MERGED from [com.google.android.gms:play-services-location:12.0.1] AndroidManifest.xml:7:5-20
MERGED from [com.google.android.gms:play-services-location-license:12.0.1] AndroidManifest.xml:22:5-20
MERGED from [com.crashlytics.sdk.android:crashlytics:2.7.1] AndroidManifest.xml:11:5-17:19
MERGED from [com.crashlytics.sdk.android:beta:1.2.7] AndroidManifest.xml:11:5-20
MERGED from [com.crashlytics.sdk.android:crashlytics-core:2.4.1] AndroidManifest.xml:54:5-20
MERGED from [com.crashlytics.sdk.android:answers:1.4.1] AndroidManifest.xml:11:5-20
MERGED from [io.fabric.sdk.android:fabric:1.4.1] AndroidManifest.xml:31:5-20
MERGED from [com.google.android.gms:play-services-plus:12.0.1] AndroidManifest.xml:22:5-20
MERGED from [com.google.android.gms:play-services-plus-license:12.0.1] AndroidManifest.xml:22:5-20
MERGED from [com.google.android.gms:play-services-base:12.0.1] AndroidManifest.xml:22:5-27:19
MERGED from [com.google.android.gms:play-services-tasks:12.0.1] AndroidManifest.xml:7:5-20
MERGED from [com.google.android.gms:play-services-basement:12.0.1] AndroidManifest.xml:22:5-26:19
MERGED from [com.google.android.gms:play-services-basement-license:12.0.1] AndroidManifest.xml:22:5-20
MERGED from [com.google.android.gms:play-services-tasks-license:12.0.1] AndroidManifest.xml:22:5-20
MERGED from [com.google.android.gms:play-services-base-license:12.0.1] AndroidManifest.xml:22:5-20
MERGED from [com.wdullaer:materialdatetimepicker:3.5.1] AndroidManifest.xml:28:5-20
MERGED from [com.github.samanzamani.persiandate:PersianDate:0.2] AndroidManifest.xml:11:5-14:19
MERGED from [:pecpayment-release:] AndroidManifest.xml:15:5-33:19
MERGED from [com.afollestad:easyvideoplayer:0.3.0] AndroidManifest.xml:12:5-20
	android:label
		ADDED from src\main\AndroidManifest.xml:27:9-41
	android:supportsRtl
		ADDED from src\main\AndroidManifest.xml:28:9-36
	android:allowBackup
		ADDED from src\main\AndroidManifest.xml:25:9-35
	android:icon
		ADDED from src\main\AndroidManifest.xml:26:9-43
	android:largeHeap
		ADDED from src\main\AndroidManifest.xml:29:9-33
	android:theme
		ADDED from src\main\AndroidManifest.xml:30:9-40
	android:name
		ADDED from src\main\AndroidManifest.xml:24:9-52
activity#ir.co.ahs.app.mob.success.RegisterActivity
ADDED from src\main\AndroidManifest.xml:32:9-35:47
	android:screenOrientation
		ADDED from src\main\AndroidManifest.xml:34:13-49
	android:theme
		ADDED from src\main\AndroidManifest.xml:35:13-44
	android:name
		ADDED from src\main\AndroidManifest.xml:33:13-45
activity#ir.co.ahs.app.mob.success.TestActivity
ADDED from src\main\AndroidManifest.xml:36:9-39:47
	android:screenOrientation
		ADDED from src\main\AndroidManifest.xml:38:13-49
	android:theme
		ADDED from src\main\AndroidManifest.xml:39:13-44
	android:name
		ADDED from src\main\AndroidManifest.xml:37:13-41
activity#ir.co.ahs.app.mob.success.AlarmActivity
ADDED from src\main\AndroidManifest.xml:40:9-43:47
	android:screenOrientation
		ADDED from src\main\AndroidManifest.xml:42:13-49
	android:theme
		ADDED from src\main\AndroidManifest.xml:43:13-44
	android:name
		ADDED from src\main\AndroidManifest.xml:41:13-42
activity#ir.co.ahs.app.mob.success.SuccessMessageListActivity
ADDED from src\main\AndroidManifest.xml:44:9-47:47
	android:screenOrientation
		ADDED from src\main\AndroidManifest.xml:46:13-49
	android:theme
		ADDED from src\main\AndroidManifest.xml:47:13-44
	android:name
		ADDED from src\main\AndroidManifest.xml:45:13-55
activity#ir.co.ahs.app.mob.success.SuccessMessageActivity
ADDED from src\main\AndroidManifest.xml:48:9-51:47
	android:screenOrientation
		ADDED from src\main\AndroidManifest.xml:50:13-49
	android:theme
		ADDED from src\main\AndroidManifest.xml:51:13-44
	android:name
		ADDED from src\main\AndroidManifest.xml:49:13-51
activity#ir.co.ahs.app.mob.success.TestItemActivity
ADDED from src\main\AndroidManifest.xml:52:9-55:47
	android:screenOrientation
		ADDED from src\main\AndroidManifest.xml:54:13-49
	android:theme
		ADDED from src\main\AndroidManifest.xml:55:13-44
	android:name
		ADDED from src\main\AndroidManifest.xml:53:13-45
activity#ir.co.ahs.app.mob.success.LoginActivity
ADDED from src\main\AndroidManifest.xml:57:9-60:47
	android:screenOrientation
		ADDED from src\main\AndroidManifest.xml:59:13-49
	android:theme
		ADDED from src\main\AndroidManifest.xml:60:13-44
	android:name
		ADDED from src\main\AndroidManifest.xml:58:13-42
activity#ir.co.ahs.app.mob.success.TargetActivity
ADDED from src\main\AndroidManifest.xml:62:9-65:47
	android:screenOrientation
		ADDED from src\main\AndroidManifest.xml:64:13-49
	android:theme
		ADDED from src\main\AndroidManifest.xml:65:13-44
	android:name
		ADDED from src\main\AndroidManifest.xml:63:13-43
activity#ir.co.ahs.app.mob.success.SplashActivity
ADDED from src\main\AndroidManifest.xml:68:9-76:20
	android:screenOrientation
		ADDED from src\main\AndroidManifest.xml:70:13-49
	android:theme
		ADDED from src\main\AndroidManifest.xml:71:13-44
	android:name
		ADDED from src\main\AndroidManifest.xml:69:13-43
intent-filter#android.intent.action.MAIN+android.intent.category.LAUNCHER
ADDED from src\main\AndroidManifest.xml:72:13-75:29
action#android.intent.action.MAIN
ADDED from src\main\AndroidManifest.xml:73:17-69
	android:name
		ADDED from src\main\AndroidManifest.xml:73:25-66
category#android.intent.category.LAUNCHER
ADDED from src\main\AndroidManifest.xml:74:17-77
	android:name
		ADDED from src\main\AndroidManifest.xml:74:27-74
activity#ir.co.ahs.app.mob.success.CalendarActivity
ADDED from src\main\AndroidManifest.xml:77:9-80:47
	android:screenOrientation
		ADDED from src\main\AndroidManifest.xml:79:13-49
	android:theme
		ADDED from src\main\AndroidManifest.xml:80:13-44
	android:name
		ADDED from src\main\AndroidManifest.xml:78:13-45
activity#ir.co.ahs.app.mob.success.MainActivity
ADDED from src\main\AndroidManifest.xml:82:9-85:47
	android:screenOrientation
		ADDED from src\main\AndroidManifest.xml:84:13-49
	android:theme
		ADDED from src\main\AndroidManifest.xml:85:13-44
	android:name
		ADDED from src\main\AndroidManifest.xml:83:13-41
activity#ir.co.ahs.app.mob.success.MeditationMessageActivity
ADDED from src\main\AndroidManifest.xml:86:9-89:47
	android:screenOrientation
		ADDED from src\main\AndroidManifest.xml:88:13-49
	android:theme
		ADDED from src\main\AndroidManifest.xml:89:13-44
	android:name
		ADDED from src\main\AndroidManifest.xml:87:13-54
activity#ir.co.ahs.app.mob.success.CreditActivity
ADDED from src\main\AndroidManifest.xml:91:9-94:47
	android:screenOrientation
		ADDED from src\main\AndroidManifest.xml:93:13-49
	android:theme
		ADDED from src\main\AndroidManifest.xml:94:13-44
	android:name
		ADDED from src\main\AndroidManifest.xml:92:13-43
activity#ir.co.ahs.app.mob.success.OrderActivity
ADDED from src\main\AndroidManifest.xml:96:9-99:47
	android:screenOrientation
		ADDED from src\main\AndroidManifest.xml:98:13-49
	android:theme
		ADDED from src\main\AndroidManifest.xml:99:13-44
	android:name
		ADDED from src\main\AndroidManifest.xml:97:13-42
activity#ir.co.ahs.app.mob.success.PollActivity
ADDED from src\main\AndroidManifest.xml:101:9-104:47
	android:screenOrientation
		ADDED from src\main\AndroidManifest.xml:103:13-49
	android:theme
		ADDED from src\main\AndroidManifest.xml:104:13-44
	android:name
		ADDED from src\main\AndroidManifest.xml:102:13-41
activity#ir.co.ahs.app.mob.success.ConversationActivity
ADDED from src\main\AndroidManifest.xml:105:9-108:47
	android:screenOrientation
		ADDED from src\main\AndroidManifest.xml:107:13-49
	android:theme
		ADDED from src\main\AndroidManifest.xml:108:13-44
	android:name
		ADDED from src\main\AndroidManifest.xml:106:13-49
activity#ir.co.ahs.app.mob.success.MessageAddActivity
ADDED from src\main\AndroidManifest.xml:110:9-113:47
	android:screenOrientation
		ADDED from src\main\AndroidManifest.xml:112:13-49
	android:theme
		ADDED from src\main\AndroidManifest.xml:113:13-44
	android:name
		ADDED from src\main\AndroidManifest.xml:111:13-47
activity#ir.co.ahs.app.mob.success.ContactUsActivity
ADDED from src\main\AndroidManifest.xml:115:9-118:47
	android:screenOrientation
		ADDED from src\main\AndroidManifest.xml:117:13-49
	android:theme
		ADDED from src\main\AndroidManifest.xml:118:13-44
	android:name
		ADDED from src\main\AndroidManifest.xml:116:13-46
activity#ir.co.ahs.app.mob.success.ProfileActivity
ADDED from src\main\AndroidManifest.xml:120:9-124:47
	android:screenOrientation
		ADDED from src\main\AndroidManifest.xml:122:13-49
	android:exported
		ADDED from src\main\AndroidManifest.xml:123:13-36
	android:theme
		ADDED from src\main\AndroidManifest.xml:124:13-44
	android:name
		ADDED from src\main\AndroidManifest.xml:121:13-44
activity#ir.co.ahs.app.mob.success.weekMessagesActivity
ADDED from src\main\AndroidManifest.xml:125:9-128:47
	android:screenOrientation
		ADDED from src\main\AndroidManifest.xml:127:13-49
	android:theme
		ADDED from src\main\AndroidManifest.xml:128:13-44
	android:name
		ADDED from src\main\AndroidManifest.xml:126:13-49
activity#ir.co.ahs.app.mob.success.weekMessageActivity
ADDED from src\main\AndroidManifest.xml:130:9-133:47
	android:screenOrientation
		ADDED from src\main\AndroidManifest.xml:132:13-49
	android:theme
		ADDED from src\main\AndroidManifest.xml:133:13-44
	android:name
		ADDED from src\main\AndroidManifest.xml:131:13-48
activity#ir.co.ahs.app.mob.success.VideoActivity
ADDED from src\main\AndroidManifest.xml:134:9-137:47
	android:screenOrientation
		ADDED from src\main\AndroidManifest.xml:136:13-49
	android:theme
		ADDED from src\main\AndroidManifest.xml:137:13-44
	android:name
		ADDED from src\main\AndroidManifest.xml:135:13-42
activity#ir.co.ahs.app.mob.success.MeditationActivity
ADDED from src\main\AndroidManifest.xml:138:9-141:47
	android:screenOrientation
		ADDED from src\main\AndroidManifest.xml:140:13-49
	android:theme
		ADDED from src\main\AndroidManifest.xml:141:13-44
	android:name
		ADDED from src\main\AndroidManifest.xml:139:13-47
meta-data#io.fabric.ApiKey
ADDED from src\main\AndroidManifest.xml:144:9-146:72
	android:value
		ADDED from src\main\AndroidManifest.xml:146:13-69
	android:name
		ADDED from src\main\AndroidManifest.xml:145:13-44
receiver#ir.co.ahs.app.mob.success.ExampleAppWidgetProvider
ADDED from src\main\AndroidManifest.xml:148:9-157:20
	android:label
		ADDED from src\main\AndroidManifest.xml:150:13-49
	android:name
		ADDED from src\main\AndroidManifest.xml:149:13-53
intent-filter#android.appwidget.action.APPWIDGET_UPDATE
ADDED from src\main\AndroidManifest.xml:151:13-153:29
action#android.appwidget.action.APPWIDGET_UPDATE
ADDED from src\main\AndroidManifest.xml:152:17-84
	android:name
		ADDED from src\main\AndroidManifest.xml:152:25-81
meta-data#android.appwidget.provider
ADDED from src\main\AndroidManifest.xml:154:13-156:56
	android:resource
		ADDED from src\main\AndroidManifest.xml:156:17-53
	android:name
		ADDED from src\main\AndroidManifest.xml:155:17-58
service#ir.co.ahs.app.mob.success.NotificationService
ADDED from src\main\AndroidManifest.xml:160:9-162:19
	android:name
		ADDED from src\main\AndroidManifest.xml:160:18-53
receiver#ir.co.ahs.app.mob.success.MyReceiver
ADDED from src\main\AndroidManifest.xml:164:9-168:20
	android:name
		ADDED from src\main\AndroidManifest.xml:164:19-45
intent-filter#android.intent.action.DATE_CHANGED
ADDED from src\main\AndroidManifest.xml:165:13-167:29
action#android.intent.action.DATE_CHANGED
ADDED from src\main\AndroidManifest.xml:166:17-77
	android:name
		ADDED from src\main\AndroidManifest.xml:166:25-74
receiver#ir.co.ahs.app.mob.success.Tasks
ADDED from src\main\AndroidManifest.xml:170:9-52
	android:name
		ADDED from src\main\AndroidManifest.xml:170:19-40
receiver#ir.co.ahs.app.mob.success.SmsListener
ADDED from src\main\AndroidManifest.xml:172:9-176:20
	android:name
		ADDED from src\main\AndroidManifest.xml:172:19-46
intent-filter#android.provider.Telephony.SMS_RECEIVED
ADDED from src\main\AndroidManifest.xml:173:13-175:29
	android:priority
		ADDED from src\main\AndroidManifest.xml:173:28-51
action#android.provider.Telephony.SMS_RECEIVED
ADDED from src\main\AndroidManifest.xml:174:17-82
	android:name
		ADDED from src\main\AndroidManifest.xml:174:25-79
uses-sdk
INJECTED from src\main\AndroidManifest.xml reason: use-sdk injection requested
MERGED from [com.github.mirrajabi:persiancalendar:unspecified] AndroidManifest.xml:7:5-9:41
MERGED from [com.android.support:cardview-v7:27.1.0] AndroidManifest.xml:20:5-44
MERGED from [uk.co.chrisjenx:calligraphy:2.3.0] AndroidManifest.xml:7:5-9:41
MERGED from [com.onesignal:OneSignal:3.9.2] AndroidManifest.xml:5:5-44
MERGED from [com.google.firebase:firebase-messaging:12.0.1] AndroidManifest.xml:20:5-44
MERGED from [com.google.firebase:firebase-iid:12.0.1] AndroidManifest.xml:20:5-44
MERGED from [com.google.firebase:firebase-iid-license:12.0.1] AndroidManifest.xml:20:5-44
MERGED from [com.google.firebase:firebase-common:12.0.1] AndroidManifest.xml:5:5-44
MERGED from [com.google.firebase:firebase-common-license:12.0.1] AndroidManifest.xml:20:5-44
MERGED from [com.google.firebase:firebase-messaging-license:12.0.1] AndroidManifest.xml:20:5-44
MERGED from [com.android.support:customtabs:27.1.1] AndroidManifest.xml:20:5-44
MERGED from [com.google.android.gms:play-services-gcm:12.0.1] AndroidManifest.xml:20:5-44
MERGED from [com.google.android.gms:play-services-iid:12.0.1] AndroidManifest.xml:20:5-44
MERGED from [com.google.android.gms:play-services-iid-license:12.0.1] AndroidManifest.xml:20:5-44
MERGED from [com.google.android.gms:play-services-gcm-license:12.0.1] AndroidManifest.xml:20:5-44
MERGED from [com.google.android.gms:play-services-location:12.0.1] AndroidManifest.xml:5:5-44
MERGED from [com.google.android.gms:play-services-location-license:12.0.1] AndroidManifest.xml:20:5-44
MERGED from [com.crashlytics.sdk.android:crashlytics:2.7.1] AndroidManifest.xml:7:5-43
MERGED from [com.crashlytics.sdk.android:beta:1.2.7] AndroidManifest.xml:7:5-43
MERGED from [com.crashlytics.sdk.android:crashlytics-core:2.4.1] AndroidManifest.xml:50:5-43
MERGED from [com.crashlytics.sdk.android:answers:1.4.1] AndroidManifest.xml:7:5-43
MERGED from [io.fabric.sdk.android:fabric:1.4.1] AndroidManifest.xml:27:5-43
MERGED from [com.jaredrummler:material-spinner:1.2.3] AndroidManifest.xml:6:5-8:41
MERGED from [com.shawnlin:number-picker:2.4.4] AndroidManifest.xml:7:5-9:41
MERGED from [com.wang.avi:library:2.1.3] AndroidManifest.xml:7:5-9:41
MERGED from [com.google.android.gms:play-services-plus:12.0.1] AndroidManifest.xml:20:5-44
MERGED from [com.google.android.gms:play-services-plus-license:12.0.1] AndroidManifest.xml:20:5-44
MERGED from [com.google.android.gms:play-services-base:12.0.1] AndroidManifest.xml:20:5-44
MERGED from [com.google.android.gms:play-services-tasks:12.0.1] AndroidManifest.xml:5:5-44
MERGED from [com.google.android.gms:play-services-basement:12.0.1] AndroidManifest.xml:20:5-44
MERGED from [com.google.android.gms:play-services-basement-license:12.0.1] AndroidManifest.xml:20:5-44
MERGED from [com.google.android.gms:play-services-tasks-license:12.0.1] AndroidManifest.xml:20:5-44
MERGED from [com.google.android.gms:play-services-base-license:12.0.1] AndroidManifest.xml:20:5-44
MERGED from [com.wdullaer:materialdatetimepicker:3.5.1] AndroidManifest.xml:22:5-24:41
MERGED from [com.android.support:support-v13:27.1.0] AndroidManifest.xml:20:5-44
MERGED from [com.android.support:design:27.1.0] AndroidManifest.xml:20:5-44
MERGED from [com.android.support:support-v4:27.1.1] AndroidManifest.xml:20:5-44
MERGED from [com.android.support:support-media-compat:27.1.1] AndroidManifest.xml:20:5-44
MERGED from [com.android.support:recyclerview-v7:27.1.0] AndroidManifest.xml:20:5-44
MERGED from [com.android.support:transition:27.1.0] AndroidManifest.xml:20:5-44
MERGED from [com.github.samanzamani.persiandate:PersianDate:0.2] AndroidManifest.xml:7:5-9:41
MERGED from [:pecpayment-release:] AndroidManifest.xml:7:5-9:41
MERGED from [com.afollestad:easyvideoplayer:0.3.0] AndroidManifest.xml:8:5-10:41
MERGED from [me.zhanghai.android.materialprogressbar:library:1.1.7] AndroidManifest.xml:12:5-14:41
MERGED from [com.android.support:appcompat-v7:27.1.0] AndroidManifest.xml:20:5-44
MERGED from [com.android.support:support-fragment:27.1.1] AndroidManifest.xml:20:5-44
MERGED from [android.arch.lifecycle:livedata-core:1.1.0] AndroidManifest.xml:20:5-44
MERGED from [android.arch.core:runtime:1.1.0] AndroidManifest.xml:20:5-44
MERGED from [android.arch.lifecycle:viewmodel:1.1.0] AndroidManifest.xml:20:5-44
MERGED from [com.android.support:animated-vector-drawable:27.1.0] AndroidManifest.xml:20:5-44
MERGED from [com.android.support:support-vector-drawable:27.1.0] AndroidManifest.xml:20:5-44
MERGED from [com.android.support:support-core-ui:27.1.1] AndroidManifest.xml:20:5-44
MERGED from [com.android.support:support-core-utils:27.1.1] AndroidManifest.xml:20:5-44
MERGED from [com.android.support:support-compat:27.1.1] AndroidManifest.xml:20:5-44
MERGED from [android.arch.lifecycle:runtime:1.1.0] AndroidManifest.xml:20:5-44
	android:targetSdkVersion
		INJECTED from src\main\AndroidManifest.xml
		INJECTED from src\main\AndroidManifest.xml
	android:minSdkVersion
		INJECTED from src\main\AndroidManifest.xml
		INJECTED from src\main\AndroidManifest.xml
service#ir.co.persiancalendar.core.GPSTracker
ADDED from [com.github.mirrajabi:persiancalendar:unspecified] AndroidManifest.xml:20:9-73
	android:name
		ADDED from [com.github.mirrajabi:persiancalendar:unspecified] AndroidManifest.xml:20:18-70
permission#${applicationId}.permission.C2D_MESSAGE
ADDED from [com.onesignal:OneSignal:3.9.2] AndroidManifest.xml:8:5-10:47
	android:protectionLevel
		ADDED from [com.onesignal:OneSignal:3.9.2] AndroidManifest.xml:10:9-44
	android:name
		ADDED from [com.onesignal:OneSignal:3.9.2] AndroidManifest.xml:9:9-63
uses-permission#${applicationId}.permission.C2D_MESSAGE
ADDED from [com.onesignal:OneSignal:3.9.2] AndroidManifest.xml:12:5-79
	android:name
		ADDED from [com.onesignal:OneSignal:3.9.2] AndroidManifest.xml:12:22-76
uses-permission#com.google.android.c2dm.permission.RECEIVE
ADDED from [com.onesignal:OneSignal:3.9.2] AndroidManifest.xml:18:5-82
MERGED from [com.google.firebase:firebase-iid:12.0.1] AndroidManifest.xml:26:5-82
MERGED from [com.google.android.gms:play-services-gcm:12.0.1] AndroidManifest.xml:23:5-82
MERGED from [com.google.android.gms:play-services-iid:12.0.1] AndroidManifest.xml:23:5-82
	android:name
		ADDED from [com.onesignal:OneSignal:3.9.2] AndroidManifest.xml:18:22-79
uses-permission#android.permission.WAKE_LOCK
ADDED from [com.onesignal:OneSignal:3.9.2] AndroidManifest.xml:19:5-68
MERGED from [com.google.firebase:firebase-iid:12.0.1] AndroidManifest.xml:24:5-68
	android:name
		ADDED from [com.onesignal:OneSignal:3.9.2] AndroidManifest.xml:19:22-65
uses-permission#android.permission.VIBRATE
ADDED from [com.onesignal:OneSignal:3.9.2] AndroidManifest.xml:24:5-66
MERGED from [com.wdullaer:materialdatetimepicker:3.5.1] AndroidManifest.xml:26:5-66
	android:name
		ADDED from [com.onesignal:OneSignal:3.9.2] AndroidManifest.xml:24:22-63
uses-permission#android.permission.RECEIVE_BOOT_COMPLETED
ADDED from [com.onesignal:OneSignal:3.9.2] AndroidManifest.xml:30:5-81
	android:name
		ADDED from [com.onesignal:OneSignal:3.9.2] AndroidManifest.xml:30:22-78
uses-permission#com.sec.android.provider.badge.permission.READ
ADDED from [com.onesignal:OneSignal:3.9.2] AndroidManifest.xml:32:5-86
	android:name
		ADDED from [com.onesignal:OneSignal:3.9.2] AndroidManifest.xml:32:22-83
uses-permission#com.sec.android.provider.badge.permission.WRITE
ADDED from [com.onesignal:OneSignal:3.9.2] AndroidManifest.xml:33:5-87
	android:name
		ADDED from [com.onesignal:OneSignal:3.9.2] AndroidManifest.xml:33:22-84
uses-permission#com.htc.launcher.permission.READ_SETTINGS
ADDED from [com.onesignal:OneSignal:3.9.2] AndroidManifest.xml:34:5-81
	android:name
		ADDED from [com.onesignal:OneSignal:3.9.2] AndroidManifest.xml:34:22-78
uses-permission#com.htc.launcher.permission.UPDATE_SHORTCUT
ADDED from [com.onesignal:OneSignal:3.9.2] AndroidManifest.xml:35:5-83
	android:name
		ADDED from [com.onesignal:OneSignal:3.9.2] AndroidManifest.xml:35:22-80
uses-permission#com.sonyericsson.home.permission.BROADCAST_BADGE
ADDED from [com.onesignal:OneSignal:3.9.2] AndroidManifest.xml:36:5-88
	android:name
		ADDED from [com.onesignal:OneSignal:3.9.2] AndroidManifest.xml:36:22-85
uses-permission#com.sonymobile.home.permission.PROVIDER_INSERT_BADGE
ADDED from [com.onesignal:OneSignal:3.9.2] AndroidManifest.xml:37:5-92
	android:name
		ADDED from [com.onesignal:OneSignal:3.9.2] AndroidManifest.xml:37:22-89
uses-permission#com.anddoes.launcher.permission.UPDATE_COUNT
ADDED from [com.onesignal:OneSignal:3.9.2] AndroidManifest.xml:38:5-84
	android:name
		ADDED from [com.onesignal:OneSignal:3.9.2] AndroidManifest.xml:38:22-81
uses-permission#com.majeur.launcher.permission.UPDATE_BADGE
ADDED from [com.onesignal:OneSignal:3.9.2] AndroidManifest.xml:39:5-83
	android:name
		ADDED from [com.onesignal:OneSignal:3.9.2] AndroidManifest.xml:39:22-80
uses-permission#com.huawei.android.launcher.permission.CHANGE_BADGE
ADDED from [com.onesignal:OneSignal:3.9.2] AndroidManifest.xml:40:5-91
	android:name
		ADDED from [com.onesignal:OneSignal:3.9.2] AndroidManifest.xml:40:22-88
uses-permission#com.huawei.android.launcher.permission.READ_SETTINGS
ADDED from [com.onesignal:OneSignal:3.9.2] AndroidManifest.xml:41:5-92
	android:name
		ADDED from [com.onesignal:OneSignal:3.9.2] AndroidManifest.xml:41:22-89
uses-permission#com.huawei.android.launcher.permission.WRITE_SETTINGS
ADDED from [com.onesignal:OneSignal:3.9.2] AndroidManifest.xml:42:5-93
	android:name
		ADDED from [com.onesignal:OneSignal:3.9.2] AndroidManifest.xml:42:22-90
uses-permission#android.permission.READ_APP_BADGE
ADDED from [com.onesignal:OneSignal:3.9.2] AndroidManifest.xml:43:5-73
	android:name
		ADDED from [com.onesignal:OneSignal:3.9.2] AndroidManifest.xml:43:22-70
uses-permission#com.oppo.launcher.permission.READ_SETTINGS
ADDED from [com.onesignal:OneSignal:3.9.2] AndroidManifest.xml:44:5-82
	android:name
		ADDED from [com.onesignal:OneSignal:3.9.2] AndroidManifest.xml:44:22-79
uses-permission#com.oppo.launcher.permission.WRITE_SETTINGS
ADDED from [com.onesignal:OneSignal:3.9.2] AndroidManifest.xml:45:5-83
	android:name
		ADDED from [com.onesignal:OneSignal:3.9.2] AndroidManifest.xml:45:22-80
uses-permission#me.everything.badger.permission.BADGE_COUNT_READ
ADDED from [com.onesignal:OneSignal:3.9.2] AndroidManifest.xml:46:5-88
	android:name
		ADDED from [com.onesignal:OneSignal:3.9.2] AndroidManifest.xml:46:22-85
uses-permission#me.everything.badger.permission.BADGE_COUNT_WRITE
ADDED from [com.onesignal:OneSignal:3.9.2] AndroidManifest.xml:47:5-89
	android:name
		ADDED from [com.onesignal:OneSignal:3.9.2] AndroidManifest.xml:47:22-86
meta-data#onesignal_app_id
ADDED from [com.onesignal:OneSignal:3.9.2] AndroidManifest.xml:50:9-52:51
	android:value
		ADDED from [com.onesignal:OneSignal:3.9.2] AndroidManifest.xml:52:13-48
	android:name
		ADDED from [com.onesignal:OneSignal:3.9.2] AndroidManifest.xml:51:13-44
meta-data#onesignal_google_project_number
ADDED from [com.onesignal:OneSignal:3.9.2] AndroidManifest.xml:54:9-56:70
	android:value
		ADDED from [com.onesignal:OneSignal:3.9.2] AndroidManifest.xml:56:13-67
	android:name
		ADDED from [com.onesignal:OneSignal:3.9.2] AndroidManifest.xml:55:13-59
receiver#com.onesignal.GcmBroadcastReceiver
ADDED from [com.onesignal:OneSignal:3.9.2] AndroidManifest.xml:58:9-68:20
	android:permission
		ADDED from [com.onesignal:OneSignal:3.9.2] AndroidManifest.xml:60:13-73
	android:name
		ADDED from [com.onesignal:OneSignal:3.9.2] AndroidManifest.xml:59:13-62
intent-filter#${applicationId}+com.google.android.c2dm.intent.RECEIVE
ADDED from [com.onesignal:OneSignal:3.9.2] AndroidManifest.xml:63:13-67:29
	android:priority
		ADDED from [com.onesignal:OneSignal:3.9.2] AndroidManifest.xml:63:28-50
action#com.google.android.c2dm.intent.RECEIVE
ADDED from [com.onesignal:OneSignal:3.9.2] AndroidManifest.xml:64:17-81
	android:name
		ADDED from [com.onesignal:OneSignal:3.9.2] AndroidManifest.xml:64:25-78
category#${applicationId}
ADDED from [com.onesignal:OneSignal:3.9.2] AndroidManifest.xml:66:17-61
	android:name
		ADDED from [com.onesignal:OneSignal:3.9.2] AndroidManifest.xml:66:27-58
receiver#com.onesignal.NotificationOpenedReceiver
ADDED from [com.onesignal:OneSignal:3.9.2] AndroidManifest.xml:69:9-77
	android:name